<?xml version="1.0" encoding="UTF-8"?>
<!-- Generated by org.testng.reporters.JUnitXMLReporter -->
<testsuite ignored="0" hostname="DESKTOP-4V2B5VI" failures="1" tests="1" name="Test" time="15.968" errors="0" timestamp="2022-12-09T07:17:35 IST">
  <testcase classname="neoStoxTestClasses.ValidateNeoStoxUserName" name="validateUserName" time="0.07">
    <failure type="java.lang.AssertionError" message="TC Failed, actual and Expected UserNames are not matching expected [Hi Yogendra Joshi1] but found [Hi Yogendra Joshi]">
      <![CDATA[java.lang.AssertionError: TC Failed, actual and Expected UserNames are not matching expected [Hi Yogendra Joshi1] but found [Hi Yogendra Joshi]
at neoStoxTestClasses.ValidateNeoStoxUserName.validateUserName(ValidateNeoStoxUserName.java:57)
at java.base/java.util.ArrayList.forEach(ArrayList.java:1511)
... Removed 32 stack frames]]>
    </failure>
  </testcase> <!-- validateUserName -->
</testsuite> <!-- Test -->
