<?xml version="1.0" encoding="UTF-8"?>
<testng-results ignored="0" total="1" passed="0" failed="1" skipped="0">
  <reporter-output>
    <line>
      <![CDATA[reading devurl from property file..]]>
    </line>
    <line>
      <![CDATA[launching browser..]]>
    </line>
    <line>
      <![CDATA[reading mobNum from property file..]]>
    </line>
    <line>
      <![CDATA[reading password from property file..]]>
    </line>
    <line>
      <![CDATA[reading expUserName from property file..]]>
    </line>
    <line>
      <![CDATA[TC validateUserName failed]]>
    </line>
  </reporter-output>
  <suite started-at="2022-12-09T07:17:19 IST" name="Suite" finished-at="2022-12-09T07:17:35 IST" duration-ms="15968">
    <groups>
    </groups>
    <test started-at="2022-12-09T07:17:19 IST" name="Test" finished-at="2022-12-09T07:17:35 IST" duration-ms="15968">
      <class name="neoStoxTestClasses.ValidateNeoStoxUserName">
        <test-method is-config="true" signature="launchNeoStox()[pri:0, instance:neoStoxTestClasses.ValidateNeoStoxUserName@4d154ccd]" started-at="2022-12-09T07:17:19 IST" name="launchNeoStox" finished-at="2022-12-09T07:17:26 IST" duration-ms="6720" status="PASS">
          <reporter-output>
            <line>
              <![CDATA[reading devurl from property file..]]>
            </line>
            <line>
              <![CDATA[launching browser..]]>
            </line>
          </reporter-output>
        </test-method> <!-- launchNeoStox -->
        <test-method is-config="true" signature="signInToNeoStox()[pri:0, instance:neoStoxTestClasses.ValidateNeoStoxUserName@4d154ccd]" started-at="2022-12-09T07:17:26 IST" name="signInToNeoStox" finished-at="2022-12-09T07:17:35 IST" duration-ms="8442" status="PASS">
          <reporter-output>
            <line>
              <![CDATA[reading mobNum from property file..]]>
            </line>
            <line>
              <![CDATA[reading password from property file..]]>
            </line>
          </reporter-output>
        </test-method> <!-- signInToNeoStox -->
        <test-method signature="validateUserName()[pri:0, instance:neoStoxTestClasses.ValidateNeoStoxUserName@4d154ccd]" started-at="2022-12-09T07:17:35 IST" name="validateUserName" finished-at="2022-12-09T07:17:35 IST" duration-ms="70" status="FAIL">
          <exception class="java.lang.AssertionError">
            <message>
              <![CDATA[TC Failed, actual and Expected UserNames are not matching expected [Hi Yogendra Joshi1] but found [Hi Yogendra Joshi]]]>
            </message>
            <full-stacktrace>
              <![CDATA[java.lang.AssertionError: TC Failed, actual and Expected UserNames are not matching expected [Hi Yogendra Joshi1] but found [Hi Yogendra Joshi]
at org.testng.Assert.fail(Assert.java:110)
at org.testng.Assert.failNotEquals(Assert.java:1413)
at org.testng.Assert.assertEqualsImpl(Assert.java:149)
at org.testng.Assert.assertEquals(Assert.java:131)
at org.testng.Assert.assertEquals(Assert.java:655)
at neoStoxTestClasses.ValidateNeoStoxUserName.validateUserName(ValidateNeoStoxUserName.java:57)
at java.base/jdk.internal.reflect.NativeMethodAccessorImpl.invoke0(Native Method)
at java.base/jdk.internal.reflect.NativeMethodAccessorImpl.invoke(NativeMethodAccessorImpl.java:77)
at java.base/jdk.internal.reflect.DelegatingMethodAccessorImpl.invoke(DelegatingMethodAccessorImpl.java:43)
at java.base/java.lang.reflect.Method.invoke(Method.java:568)
at org.testng.internal.invokers.MethodInvocationHelper.invokeMethod(MethodInvocationHelper.java:139)
at org.testng.internal.invokers.TestInvoker.invokeMethod(TestInvoker.java:677)
at org.testng.internal.invokers.TestInvoker.invokeTestMethod(TestInvoker.java:221)
at org.testng.internal.invokers.MethodRunner.runInSequence(MethodRunner.java:50)
at org.testng.internal.invokers.TestInvoker$MethodInvocationAgent.invoke(TestInvoker.java:962)
at org.testng.internal.invokers.TestInvoker.invokeTestMethods(TestInvoker.java:194)
at org.testng.internal.invokers.TestMethodWorker.invokeTestMethods(TestMethodWorker.java:148)
at org.testng.internal.invokers.TestMethodWorker.run(TestMethodWorker.java:128)
at java.base/java.util.ArrayList.forEach(ArrayList.java:1511)
at org.testng.TestRunner.privateRun(TestRunner.java:806)
at org.testng.TestRunner.run(TestRunner.java:601)
at org.testng.SuiteRunner.runTest(SuiteRunner.java:433)
at org.testng.SuiteRunner.runSequentially(SuiteRunner.java:427)
at org.testng.SuiteRunner.privateRun(SuiteRunner.java:387)
at org.testng.SuiteRunner.run(SuiteRunner.java:330)
at org.testng.SuiteRunnerWorker.runSuite(SuiteRunnerWorker.java:52)
at org.testng.SuiteRunnerWorker.run(SuiteRunnerWorker.java:95)
at org.testng.TestNG.runSuitesSequentially(TestNG.java:1256)
at org.testng.TestNG.runSuitesLocally(TestNG.java:1176)
at org.testng.TestNG.runSuites(TestNG.java:1099)
at org.testng.TestNG.run(TestNG.java:1067)
at org.testng.remote.AbstractRemoteTestNG.run(AbstractRemoteTestNG.java:115)
at org.testng.remote.RemoteTestNG.initAndRun(RemoteTestNG.java:251)
at org.testng.remote.RemoteTestNG.main(RemoteTestNG.java:77)
]]>
            </full-stacktrace>
          </exception> <!-- java.lang.AssertionError -->
          <reporter-output>
            <line>
              <![CDATA[reading expUserName from property file..]]>
            </line>
            <line>
              <![CDATA[TC validateUserName failed]]>
            </line>
          </reporter-output>
        </test-method> <!-- validateUserName -->
        <test-method is-config="true" signature="logOutFromNeostox()[pri:0, instance:neoStoxTestClasses.ValidateNeoStoxUserName@4d154ccd]" started-at="2022-12-09T07:17:35 IST" name="logOutFromNeostox" finished-at="2022-12-09T07:17:35 IST" duration-ms="204" status="PASS">
          <reporter-output>
          </reporter-output>
        </test-method> <!-- logOutFromNeostox -->
        <test-method is-config="true" signature="closeBrowser()[pri:0, instance:neoStoxTestClasses.ValidateNeoStoxUserName@4d154ccd]" started-at="2022-12-09T07:17:35 IST" name="closeBrowser" finished-at="2022-12-09T07:17:35 IST" duration-ms="198" status="PASS">
          <reporter-output>
          </reporter-output>
        </test-method> <!-- closeBrowser -->
      </class> <!-- neoStoxTestClasses.ValidateNeoStoxUserName -->
    </test> <!-- Test -->
  </suite> <!-- Suite -->
</testng-results>
